<?xml version="1.0" encoding="UTF-8"?>
<!-- Generated by org.testng.reporters.JUnitXMLReporter -->
<testsuite ignored="0" hostname="DESKTOP-INPF4IA" failures="1" tests="1" name="Default test" time="9.093" errors="0" timestamp="2024-03-18T00:07:49 CET">
  <testcase classname="io.cucumber.testng.AbstractTestNGCucumberTests" name="runScenario" time="7.675">
    <failure type="java.lang.AssertionError" message="expected [Tomato] but found [No data]">
      <![CDATA[java.lang.AssertionError: expected [Tomato] but found [No data]
at org.testng.Assert.fail(Assert.java:111)
at org.testng.Assert.failNotEquals(Assert.java:1578)
at org.testng.Assert.assertEqualsImpl(Assert.java:150)
at org.testng.Assert.assertEquals(Assert.java:132)
at org.testng.Assert.assertEquals(Assert.java:656)
at org.testng.Assert.assertEquals(Assert.java:666)
at StepDefinitions.OfferPageStepDef.check_if_the_product_name_is_the_same_in_offer_page_and_landling_page(OfferPageStepDef.java:58)
at ✽.check if the product name is the same in offer page and landling page(file:///C:/Users/skand/eclipse-workspace/CucumberFramework/src/test/java/features/searchProduct.feature:11)
]]>
    </failure>
  </testcase> <!-- runScenario -->
</testsuite> <!-- Default test -->
