<?xml version="1.0" encoding="UTF-8"?>
<!-- Generated by org.testng.reporters.JUnitXMLReporter -->
<testsuite ignored="0" hostname="DESKTOP-INPF4IA" failures="1" tests="1" name="Default test" time="9.952" errors="0" timestamp="2024-03-14T02:50:31 CET">
  <testcase classname="io.cucumber.testng.AbstractTestNGCucumberTests" name="runScenario" time="9.237">
    <failure type="java.lang.NullPointerException" message="Cannot invoke &amp;quot;org.openqa.selenium.WebDriver.findElement(org.openqa.selenium.By)&amp;quot; because &amp;quot;this.driver&amp;quot; is null">
      <![CDATA[java.lang.NullPointerException: Cannot invoke "org.openqa.selenium.WebDriver.findElement(org.openqa.selenium.By)" because "this.driver" is null
at pageObjects.OfferingPage.getProductName(OfferingPage.java:33)
at StepDefinitions.OfferPageStepDef.user_searched_for_same_shortname_in_offers_page_to_check_if_exist(OfferPageStepDef.java:39)
at ✽.user searched for "Tom" shortname in offers page(file:///C:/Users/skand/eclipse-workspace/CucumberFramework/src/test/java/features/searchProduct.feature:7)
]]>
    </failure>
  </testcase> <!-- runScenario -->
</testsuite> <!-- Default test -->
