<?xml version="1.0" encoding="UTF-8"?>
<!-- Generated by org.testng.reporters.JUnitReportReporter -->
<testsuite hostname="DESKTOP-INPF4IA" failures="0" tests="1" name="cucumberOptions.testNGTestRunner" time="9.237" errors="1" timestamp="2024-03-14T02:50:32 CET" skipped="0">
  <testcase classname="cucumberOptions.testNGTestRunner" name="runScenario" time="9.237">
    <error message="Cannot invoke &quot;org.openqa.selenium.WebDriver.findElement(org.openqa.selenium.By)&quot; because &quot;this.driver&quot; is null" type="java.lang.NullPointerException">
      <![CDATA[java.lang.NullPointerException: Cannot invoke "org.openqa.selenium.WebDriver.findElement(org.openqa.selenium.By)" because "this.driver" is null
at pageObjects.OfferingPage.getProductName(OfferingPage.java:33)
at StepDefinitions.OfferPageStepDef.user_searched_for_same_shortname_in_offers_page_to_check_if_exist(OfferPageStepDef.java:39)
at ✽.user searched for "Tom" shortname in offers page(file:///C:/Users/skand/eclipse-workspace/CucumberFramework/src/test/java/features/searchProduct.feature:7)
]]>
    </error>
  </testcase> <!-- runScenario -->
</testsuite> <!-- cucumberOptions.testNGTestRunner -->
